Start testing: Oct 08 15:01 EDT
----------------------------------------------------------
1/2 Testing: PIDControllerTest.TestCompute
1/2 Test: PIDControllerTest.TestCompute
Command: "/home/abhishek/Test-driven-development-Enpm700-group1/build/test/cpp-test" "--gtest_filter=PIDControllerTest.TestCompute" "--gtest_also_run_disabled_tests"
Directory: /home/abhishek/Test-driven-development-Enpm700-group1/build/test
"PIDControllerTest.TestCompute" start time: Oct 08 15:01 EDT
Output:
----------------------------------------------------------
Running main() from /home/abhishek/Test-driven-development-Enpm700-group1/build/_deps/googletest-src/googletest/src/gtest_main.cc
Note: Google Test filter = PIDControllerTest.TestCompute
[==========] Running 1 test from 1 test suite.
[----------] Global test environment set-up.
[----------] 1 test from PIDControllerTest
[ RUN      ] PIDControllerTest.TestCompute
PID Computation:
  Setpoint: 10, Actual: 8
  Error: 2, Integral: 2, Derivative: 2
  P-term: 2, I-term: 0.2, D-term: 0.1
  Output: 2.3
Test input - Setpoint: 10, Actual: 8
Actual output: 2.3
Expected output: 2.3
[       OK ] PIDControllerTest.TestCompute (0 ms)
[----------] 1 test from PIDControllerTest (0 ms total)

[----------] Global test environment tear-down
[==========] 1 test from 1 test suite ran. (0 ms total)
[  PASSED  ] 1 test.
<end of output>
Test time =   0.00 sec
----------------------------------------------------------
Test Passed.
"PIDControllerTest.TestCompute" end time: Oct 08 15:01 EDT
"PIDControllerTest.TestCompute" time elapsed: 00:00:00
----------------------------------------------------------

2/2 Testing: PIDControllerTest.TestGettersAndSetters
2/2 Test: PIDControllerTest.TestGettersAndSetters
Command: "/home/abhishek/Test-driven-development-Enpm700-group1/build/test/cpp-test" "--gtest_filter=PIDControllerTest.TestGettersAndSetters" "--gtest_also_run_disabled_tests"
Directory: /home/abhishek/Test-driven-development-Enpm700-group1/build/test
"PIDControllerTest.TestGettersAndSetters" start time: Oct 08 15:01 EDT
Output:
----------------------------------------------------------
Running main() from /home/abhishek/Test-driven-development-Enpm700-group1/build/_deps/googletest-src/googletest/src/gtest_main.cc
Note: Google Test filter = PIDControllerTest.TestGettersAndSetters
[==========] Running 1 test from 1 test suite.
[----------] Global test environment set-up.
[----------] 1 test from PIDControllerTest
[ RUN      ] PIDControllerTest.TestGettersAndSetters
[       OK ] PIDControllerTest.TestGettersAndSetters (0 ms)
[----------] 1 test from PIDControllerTest (0 ms total)

[----------] Global test environment tear-down
[==========] 1 test from 1 test suite ran. (0 ms total)
[  PASSED  ] 1 test.
<end of output>
Test time =   0.00 sec
----------------------------------------------------------
Test Passed.
"PIDControllerTest.TestGettersAndSetters" end time: Oct 08 15:01 EDT
"PIDControllerTest.TestGettersAndSetters" time elapsed: 00:00:00
----------------------------------------------------------

End testing: Oct 08 15:01 EDT
