Start testing: Oct 07 22:06 EDT
----------------------------------------------------------
1/2 Testing: PIDControllerTest.TestCompute
1/2 Test: PIDControllerTest.TestCompute
Command: "/home/abhishek/Test-driven-development-Enpm700-group1/build/test/cpp-test" "--gtest_filter=PIDControllerTest.TestCompute" "--gtest_also_run_disabled_tests"
Directory: /home/abhishek/Test-driven-development-Enpm700-group1/build/test
"PIDControllerTest.TestCompute" start time: Oct 07 22:06 EDT
Output:
----------------------------------------------------------
Running main() from /home/abhishek/Test-driven-development-Enpm700-group1/build/_deps/googletest-src/googletest/src/gtest_main.cc
Note: Google Test filter = PIDControllerTest.TestCompute
[==========] Running 1 test from 1 test suite.
[----------] Global test environment set-up.
[----------] 1 test from PIDControllerTest
[ RUN      ] PIDControllerTest.TestCompute
Error: 2, Integral: 2, Derivative: 2
Kp*error: 2, Ki*integral: 0.2, Kd*derivative: 0.1
Actual output: 2.3
/home/abhishek/Test-driven-development-Enpm700-group1/test/test1.cpp:25: Failure
The difference between 2.0 and output is 0.30000000000000027, which exceeds 0.001, where
2.0 evaluates to 2,
output evaluates to 2.3000000000000003, and
0.001 evaluates to 0.001.

[  FAILED  ] PIDControllerTest.TestCompute (0 ms)
[----------] 1 test from PIDControllerTest (0 ms total)

[----------] Global test environment tear-down
[==========] 1 test from 1 test suite ran. (0 ms total)
[  PASSED  ] 0 tests.
[  FAILED  ] 1 test, listed below:
[  FAILED  ] PIDControllerTest.TestCompute

 1 FAILED TEST
<end of output>
Test time =   0.00 sec
----------------------------------------------------------
Test Failed.
"PIDControllerTest.TestCompute" end time: Oct 07 22:06 EDT
"PIDControllerTest.TestCompute" time elapsed: 00:00:00
----------------------------------------------------------

2/2 Testing: PIDControllerTest.TestGettersAndSetters
2/2 Test: PIDControllerTest.TestGettersAndSetters
Command: "/home/abhishek/Test-driven-development-Enpm700-group1/build/test/cpp-test" "--gtest_filter=PIDControllerTest.TestGettersAndSetters" "--gtest_also_run_disabled_tests"
Directory: /home/abhishek/Test-driven-development-Enpm700-group1/build/test
"PIDControllerTest.TestGettersAndSetters" start time: Oct 07 22:06 EDT
Output:
----------------------------------------------------------
Running main() from /home/abhishek/Test-driven-development-Enpm700-group1/build/_deps/googletest-src/googletest/src/gtest_main.cc
Note: Google Test filter = PIDControllerTest.TestGettersAndSetters
[==========] Running 1 test from 1 test suite.
[----------] Global test environment set-up.
[----------] 1 test from PIDControllerTest
[ RUN      ] PIDControllerTest.TestGettersAndSetters
[       OK ] PIDControllerTest.TestGettersAndSetters (0 ms)
[----------] 1 test from PIDControllerTest (0 ms total)

[----------] Global test environment tear-down
[==========] 1 test from 1 test suite ran. (0 ms total)
[  PASSED  ] 1 test.
<end of output>
Test time =   0.00 sec
----------------------------------------------------------
Test Passed.
"PIDControllerTest.TestGettersAndSetters" end time: Oct 07 22:06 EDT
"PIDControllerTest.TestGettersAndSetters" time elapsed: 00:00:00
----------------------------------------------------------

End testing: Oct 07 22:06 EDT
