<?xml version='1.0' encoding='UTF-8'?>
<!DOCTYPE coverage SYSTEM 'http://cobertura.sourceforge.net/xml/coverage-04.dtd'>
<coverage line-rate="0.6923076923076923" branch-rate="1.0" lines-covered="27" lines-valid="39" branches-covered="12" branches-valid="12" complexity="0.0" timestamp="1728414836" version="gcovr 5.0"><sources><source>/home/abhishek/Test-driven-development-Enpm700-group1</source></sources><packages><package name="app" line-rate="1.0" branch-rate="1.0" complexity="0.0"><classes><class name="main_cpp" filename="app/main.cpp" line-rate="1.0" branch-rate="1.0" complexity="0.0"><methods/><lines><line number="5" hits="1" branch="false"/><line number="7" hits="1" branch="false"/><line number="9" hits="1" branch="false"/><line number="10" hits="1" branch="false"/><line number="13" hits="101" branch="true" condition-coverage="100% (2/2)"><conditions><condition number="0" type="jump" coverage="100%"/></conditions></line><line number="14" hits="100" branch="true" condition-coverage="100% (1/1)"><conditions><condition number="0" type="jump" coverage="100%"/></conditions></line><line number="17" hits="100" branch="true" condition-coverage="100% (5/5)"><conditions><condition number="0" type="jump" coverage="100%"/></conditions></line><line number="18" hits="100" branch="true" condition-coverage="100% (4/4)"><conditions><condition number="0" type="jump" coverage="100%"/></conditions></line><line number="21" hits="100" branch="false"/><line number="24" hits="1" branch="false"/></lines></class></classes></package><package name="include" line-rate="1.0" branch-rate="0.0" complexity="0.0"><classes><class name="PIDController_hpp" filename="include/PIDController.hpp" line-rate="1.0" branch-rate="0.0" complexity="0.0"><methods/><lines><line number="57" hits="1" branch="false"/><line number="58" hits="1" branch="false"/></lines></class></classes></package><package name="myPID" line-rate="0.5555555555555556" branch-rate="0.0" complexity="0.0"><classes><class name="PIDController_cpp" filename="myPID/PIDController.cpp" line-rate="0.5555555555555556" branch-rate="0.0" complexity="0.0"><methods/><lines><line number="20" hits="100" branch="false"/><line number="21" hits="100" branch="false"/><line number="24" hits="100" branch="false"/><line number="27" hits="100" branch="false"/><line number="28" hits="100" branch="false"/><line number="31" hits="100" branch="false"/><line number="32" hits="100" branch="false"/><line number="35" hits="100" branch="false"/><line number="38" hits="100" branch="false"/><line number="41" hits="100" branch="false"/><line number="42" hits="100" branch="false"/><line number="43" hits="100" branch="false"/><line number="44" hits="100" branch="false"/><line number="45" hits="100" branch="false"/><line number="47" hits="100" branch="false"/><line number="50" hits="0" branch="false"/><line number="51" hits="0" branch="false"/><line number="54" hits="0" branch="false"/><line number="55" hits="0" branch="false"/><line number="58" hits="0" branch="false"/><line number="59" hits="0" branch="false"/><line number="62" hits="0" branch="false"/><line number="63" hits="0" branch="false"/><line number="66" hits="0" branch="false"/><line number="67" hits="0" branch="false"/><line number="70" hits="0" branch="false"/><line number="71" hits="0" branch="false"/></lines></class></classes></package></packages></coverage>