TN:
SF:/home/abhishek/Test-driven-development-Enpm700-group1/include/PIDController.hpp
FN:57,_ZN13PIDControllerC2Eddd
FN:86,_ZNK13PIDController5getKpEv
FN:96,_ZNK13PIDController5getKiEv
FN:106,_ZNK13PIDController5getKdEv
FN:117,_ZN13PIDController5setKpEd
FN:128,_ZN13PIDController5setKiEd
FN:139,_ZN13PIDController5setKdEd
FNDA:2,_ZNK13PIDController5getKdEv
FNDA:1,_ZN13PIDController5setKpEd
FNDA:2,_ZNK13PIDController5getKiEv
FNDA:2,_ZN13PIDControllerC2Eddd
FNDA:2,_ZNK13PIDController5getKpEv
FNDA:1,_ZN13PIDController5setKdEd
FNDA:1,_ZN13PIDController5setKiEd
FNF:7
FNH:7
DA:57,2
DA:58,2
DA:86,2
DA:96,2
DA:106,2
DA:117,1
DA:128,1
DA:139,1
LF:8
LH:8
end_of_record
TN:
SF:/home/abhishek/Test-driven-development-Enpm700-group1/myPID/PIDController.cpp
FN:17,_ZN13PIDController7computeEdd
FNDA:1,_ZN13PIDController7computeEdd
FNF:1
FNH:1
DA:17,1
DA:18,1
DA:21,1
DA:24,1
DA:25,1
DA:28,1
DA:29,1
DA:32,1
DA:35,1
DA:38,1
DA:39,1
DA:40,1
DA:41,1
DA:42,1
DA:44,1
LF:15
LH:15
end_of_record
TN:
SF:/home/abhishek/Test-driven-development-Enpm700-group1/test/test1.cpp
FN:22,_ZN34PIDControllerTest_TestCompute_TestC2Ev
FN:22,_ZN34PIDControllerTest_TestCompute_TestD0Ev
FN:22,_ZN34PIDControllerTest_TestCompute_TestD2Ev
FN:22,_ZN34PIDControllerTest_TestCompute_Test8TestBodyEv
FN:45,_ZN44PIDControllerTest_TestGettersAndSetters_TestC2Ev
FN:45,_ZN44PIDControllerTest_TestGettersAndSetters_TestD0Ev
FN:45,_ZN44PIDControllerTest_TestGettersAndSetters_Test8TestBodyEv
FN:45,_ZN44PIDControllerTest_TestGettersAndSetters_TestD2Ev
FNDA:1,_ZN34PIDControllerTest_TestCompute_TestD0Ev
FNDA:1,_ZN44PIDControllerTest_TestGettersAndSetters_TestC2Ev
FNDA:1,_ZN34PIDControllerTest_TestCompute_TestC2Ev
FNDA:1,_ZN34PIDControllerTest_TestCompute_Test8TestBodyEv
FNDA:1,_ZN34PIDControllerTest_TestCompute_TestD2Ev
FNDA:1,_ZN44PIDControllerTest_TestGettersAndSetters_TestD0Ev
FNDA:1,_ZN44PIDControllerTest_TestGettersAndSetters_TestD2Ev
FNDA:1,_ZN44PIDControllerTest_TestGettersAndSetters_Test8TestBodyEv
FNF:8
FNH:8
DA:22,4
DA:23,1
DA:24,1
DA:25,1
DA:26,1
DA:29,1
DA:30,1
DA:32,1
DA:33,1
DA:34,1
DA:36,1
DA:45,4
DA:46,1
DA:48,1
DA:49,1
DA:50,1
DA:52,1
DA:53,1
DA:54,1
DA:56,1
DA:57,1
DA:58,1
DA:59,1
LF:23
LH:23
end_of_record
